{"C:\\Users\\kiran\\Desktop\\rvce-resource-allocator\\frontend\\src\\components\\BenchCell.tsx": {"path":"C:\\Users\\kiran\\Desktop\\rvce-resource-allocator\\frontend\\src\\components\\BenchCell.tsx","all":false,"statementMap":{"0":{"start":{"line":1,"column":0},"end":{"line":1,"column":3}},"1":{"start":{"line":2,"column":0},"end":{"line":2,"column":22}},"2":{"start":{"line":3,"column":0},"end":{"line":3,"column":66}},"3":{"start":{"line":4,"column":0},"end":{"line":4,"column":48}},"4":{"start":{"line":5,"column":0},"end":{"line":5,"column":3}},"5":{"start":{"line":6,"column":0},"end":{"line":6,"column":0}},"6":{"start":{"line":7,"column":0},"end":{"line":7,"column":31}},"7":{"start":{"line":8,"column":0},"end":{"line":8,"column":42}},"8":{"start":{"line":9,"column":0},"end":{"line":9,"column":79}},"9":{"start":{"line":10,"column":0},"end":{"line":10,"column":56}},"10":{"start":{"line":11,"column":0},"end":{"line":11,"column":0}},"11":{"start":{"line":12,"column":0},"end":{"line":12,"column":26}},"12":{"start":{"line":13,"column":0},"end":{"line":13,"column":21}},"13":{"start":{"line":14,"column":0},"end":{"line":14,"column":46}},"14":{"start":{"line":15,"column":0},"end":{"line":15,"column":76}},"15":{"start":{"line":16,"column":0},"end":{"line":16,"column":42}},"16":{"start":{"line":17,"column":0},"end":{"line":17,"column":23}},"17":{"start":{"line":18,"column":0},"end":{"line":18,"column":1}},"18":{"start":{"line":19,"column":0},"end":{"line":19,"column":0}},"19":{"start":{"line":20,"column":0},"end":{"line":20,"column":48}},"20":{"start":{"line":21,"column":0},"end":{"line":21,"column":37}},"21":{"start":{"line":22,"column":0},"end":{"line":22,"column":39}},"22":{"start":{"line":23,"column":0},"end":{"line":23,"column":41}},"23":{"start":{"line":24,"column":0},"end":{"line":24,"column":36}},"24":{"start":{"line":25,"column":0},"end":{"line":25,"column":43}},"25":{"start":{"line":26,"column":0},"end":{"line":26,"column":41}},"26":{"start":{"line":27,"column":0},"end":{"line":27,"column":1}},"27":{"start":{"line":28,"column":0},"end":{"line":28,"column":0}},"28":{"start":{"line":29,"column":0},"end":{"line":29,"column":27}},"29":{"start":{"line":30,"column":0},"end":{"line":30,"column":8}},"30":{"start":{"line":31,"column":0},"end":{"line":31,"column":18}},"31":{"start":{"line":32,"column":0},"end":{"line":32,"column":14}},"32":{"start":{"line":33,"column":0},"end":{"line":33,"column":21}},"33":{"start":{"line":34,"column":0},"end":{"line":34,"column":8}},"34":{"start":{"line":35,"column":0},"end":{"line":35,"column":23}},"35":{"start":{"line":36,"column":0},"end":{"line":36,"column":65}},"36":{"start":{"line":37,"column":0},"end":{"line":37,"column":0}},"37":{"start":{"line":38,"column":0},"end":{"line":38,"column":31}},"38":{"start":{"line":39,"column":0},"end":{"line":39,"column":46}},"39":{"start":{"line":40,"column":0},"end":{"line":40,"column":57}},"40":{"start":{"line":41,"column":0},"end":{"line":41,"column":38}},"41":{"start":{"line":42,"column":0},"end":{"line":42,"column":31}},"42":{"start":{"line":43,"column":0},"end":{"line":43,"column":6}},"43":{"start":{"line":44,"column":0},"end":{"line":44,"column":39}},"44":{"start":{"line":45,"column":0},"end":{"line":45,"column":0}},"45":{"start":{"line":46,"column":0},"end":{"line":46,"column":23}},"46":{"start":{"line":47,"column":0},"end":{"line":47,"column":12}},"47":{"start":{"line":48,"column":0},"end":{"line":48,"column":10}},"48":{"start":{"line":49,"column":0},"end":{"line":49,"column":21}},"49":{"start":{"line":50,"column":0},"end":{"line":50,"column":138}},"50":{"start":{"line":51,"column":0},"end":{"line":51,"column":7}},"51":{"start":{"line":52,"column":0},"end":{"line":52,"column":71}},"52":{"start":{"line":53,"column":0},"end":{"line":53,"column":91}},"53":{"start":{"line":54,"column":0},"end":{"line":54,"column":12}},"54":{"start":{"line":55,"column":0},"end":{"line":55,"column":5}},"55":{"start":{"line":56,"column":0},"end":{"line":56,"column":3}},"56":{"start":{"line":57,"column":0},"end":{"line":57,"column":0}},"57":{"start":{"line":58,"column":0},"end":{"line":58,"column":10}},"58":{"start":{"line":59,"column":0},"end":{"line":59,"column":8}},"59":{"start":{"line":60,"column":0},"end":{"line":60,"column":19}},"60":{"start":{"line":61,"column":0},"end":{"line":61,"column":184}},"61":{"start":{"line":62,"column":0},"end":{"line":62,"column":62}},"62":{"start":{"line":63,"column":0},"end":{"line":63,"column":49}},"63":{"start":{"line":64,"column":0},"end":{"line":64,"column":5}},"64":{"start":{"line":65,"column":0},"end":{"line":65,"column":62}},"65":{"start":{"line":66,"column":0},"end":{"line":66,"column":86}},"66":{"start":{"line":67,"column":0},"end":{"line":67,"column":47}},"67":{"start":{"line":68,"column":0},"end":{"line":68,"column":50}},"68":{"start":{"line":69,"column":0},"end":{"line":69,"column":14}},"69":{"start":{"line":70,"column":0},"end":{"line":70,"column":12}},"70":{"start":{"line":71,"column":0},"end":{"line":71,"column":0}},"71":{"start":{"line":72,"column":0},"end":{"line":72,"column":93}},"72":{"start":{"line":73,"column":0},"end":{"line":73,"column":44}},"73":{"start":{"line":74,"column":0},"end":{"line":74,"column":49}},"74":{"start":{"line":75,"column":0},"end":{"line":75,"column":82}},"75":{"start":{"line":76,"column":0},"end":{"line":76,"column":43}},"76":{"start":{"line":77,"column":0},"end":{"line":77,"column":0}},"77":{"start":{"line":78,"column":0},"end":{"line":78,"column":57}},"78":{"start":{"line":79,"column":0},"end":{"line":79,"column":84}},"79":{"start":{"line":80,"column":0},"end":{"line":80,"column":0}},"80":{"start":{"line":81,"column":0},"end":{"line":81,"column":18}},"81":{"start":{"line":82,"column":0},"end":{"line":82,"column":19}},"82":{"start":{"line":83,"column":0},"end":{"line":83,"column":27}},"83":{"start":{"line":84,"column":0},"end":{"line":84,"column":31}},"84":{"start":{"line":85,"column":0},"end":{"line":85,"column":25}},"85":{"start":{"line":86,"column":0},"end":{"line":86,"column":104}},"86":{"start":{"line":87,"column":0},"end":{"line":87,"column":57}},"87":{"start":{"line":88,"column":0},"end":{"line":88,"column":73}},"88":{"start":{"line":89,"column":0},"end":{"line":89,"column":15}},"89":{"start":{"line":90,"column":0},"end":{"line":90,"column":68}},"90":{"start":{"line":91,"column":0},"end":{"line":91,"column":64}},"91":{"start":{"line":92,"column":0},"end":{"line":92,"column":57}},"92":{"start":{"line":93,"column":0},"end":{"line":93,"column":21}},"93":{"start":{"line":94,"column":0},"end":{"line":94,"column":36}},"94":{"start":{"line":95,"column":0},"end":{"line":95,"column":35}},"95":{"start":{"line":96,"column":0},"end":{"line":96,"column":77}},"96":{"start":{"line":97,"column":0},"end":{"line":97,"column":56}},"97":{"start":{"line":98,"column":0},"end":{"line":98,"column":44}},"98":{"start":{"line":99,"column":0},"end":{"line":99,"column":15}},"99":{"start":{"line":100,"column":0},"end":{"line":100,"column":13}},"100":{"start":{"line":101,"column":0},"end":{"line":101,"column":71}},"101":{"start":{"line":102,"column":0},"end":{"line":102,"column":92}},"102":{"start":{"line":103,"column":0},"end":{"line":103,"column":69}},"103":{"start":{"line":104,"column":0},"end":{"line":104,"column":50}},"104":{"start":{"line":105,"column":0},"end":{"line":105,"column":23}},"105":{"start":{"line":106,"column":0},"end":{"line":106,"column":20}},"106":{"start":{"line":107,"column":0},"end":{"line":107,"column":62}},"107":{"start":{"line":108,"column":0},"end":{"line":108,"column":85}},"108":{"start":{"line":109,"column":0},"end":{"line":109,"column":20}},"109":{"start":{"line":110,"column":0},"end":{"line":110,"column":66}},"110":{"start":{"line":111,"column":0},"end":{"line":111,"column":36}},"111":{"start":{"line":112,"column":0},"end":{"line":112,"column":20}},"112":{"start":{"line":113,"column":0},"end":{"line":113,"column":21}},"113":{"start":{"line":114,"column":0},"end":{"line":114,"column":11}},"114":{"start":{"line":115,"column":0},"end":{"line":115,"column":11}},"115":{"start":{"line":116,"column":0},"end":{"line":116,"column":12}},"116":{"start":{"line":117,"column":0},"end":{"line":117,"column":10}},"117":{"start":{"line":118,"column":0},"end":{"line":118,"column":3}},"118":{"start":{"line":119,"column":0},"end":{"line":119,"column":1}}},"s":{"0":1,"1":1,"2":1,"3":1,"4":1,"5":1,"6":1,"7":1,"8":1,"9":1,"10":1,"11":1,"12":1,"13":1,"14":1,"15":1,"16":1,"17":1,"18":1,"19":1,"20":1,"21":1,"22":1,"23":1,"24":1,"25":1,"26":1,"27":1,"28":1,"29":4,"30":4,"31":4,"32":4,"33":4,"34":4,"35":4,"36":4,"37":4,"38":4,"39":6,"40":6,"41":6,"42":4,"43":4,"44":4,"45":4,"46":1,"47":1,"48":1,"49":1,"50":1,"51":1,"52":1,"53":1,"54":1,"55":1,"56":3,"57":3,"58":3,"59":3,"60":3,"61":3,"62":3,"63":3,"64":3,"65":3,"66":3,"67":3,"68":3,"69":3,"70":3,"71":4,"72":4,"73":6,"74":2,"75":4,"76":6,"77":6,"78":6,"79":6,"80":6,"81":6,"82":6,"83":6,"84":6,"85":6,"86":6,"87":6,"88":6,"89":6,"90":6,"91":6,"92":6,"93":6,"94":2,"95":0,"96":2,"97":4,"98":6,"99":6,"100":6,"101":6,"102":6,"103":6,"104":6,"105":6,"106":6,"107":6,"108":6,"109":6,"110":6,"111":6,"112":6,"113":6,"114":4,"115":4,"116":4,"117":4,"118":4},"branchMap":{"0":{"type":"branch","line":29,"loc":{"start":{"line":29,"column":25},"end":{"line":119,"column":1}},"locations":[{"start":{"line":29,"column":25},"end":{"line":119,"column":1}}]},"1":{"type":"branch","line":46,"loc":{"start":{"line":46,"column":22},"end":{"line":56,"column":3}},"locations":[{"start":{"line":46,"column":22},"end":{"line":56,"column":3}}]},"2":{"type":"branch","line":56,"loc":{"start":{"line":56,"column":2},"end":{"line":72,"column":60}},"locations":[{"start":{"line":56,"column":2},"end":{"line":72,"column":60}}]},"3":{"type":"branch","line":72,"loc":{"start":{"line":72,"column":56},"end":{"line":72,"column":76}},"locations":[{"start":{"line":72,"column":56},"end":{"line":72,"column":76}}]},"4":{"type":"branch","line":72,"loc":{"start":{"line":72,"column":60},"end":{"line":72,"column":89}},"locations":[{"start":{"line":72,"column":60},"end":{"line":72,"column":89}}]},"5":{"type":"branch","line":38,"loc":{"start":{"line":38,"column":24},"end":{"line":44,"column":5}},"locations":[{"start":{"line":38,"column":24},"end":{"line":44,"column":5}}]},"6":{"type":"branch","line":39,"loc":{"start":{"line":39,"column":18},"end":{"line":39,"column":31}},"locations":[{"start":{"line":39,"column":18},"end":{"line":39,"column":31}}]},"7":{"type":"branch","line":39,"loc":{"start":{"line":39,"column":35},"end":{"line":43,"column":5}},"locations":[{"start":{"line":39,"column":35},"end":{"line":43,"column":5}}]},"8":{"type":"branch","line":73,"loc":{"start":{"line":73,"column":19},"end":{"line":115,"column":9}},"locations":[{"start":{"line":73,"column":19},"end":{"line":115,"column":9}}]},"9":{"type":"branch","line":74,"loc":{"start":{"line":74,"column":39},"end":{"line":75,"column":82}},"locations":[{"start":{"line":74,"column":39},"end":{"line":75,"column":82}}]},"10":{"type":"branch","line":75,"loc":{"start":{"line":75,"column":48},"end":{"line":75,"column":82}},"locations":[{"start":{"line":75,"column":48},"end":{"line":75,"column":82}}]},"11":{"type":"branch","line":75,"loc":{"start":{"line":75,"column":53},"end":{"line":76,"column":43}},"locations":[{"start":{"line":75,"column":53},"end":{"line":76,"column":43}}]},"12":{"type":"branch","line":79,"loc":{"start":{"line":79,"column":29},"end":{"line":79,"column":84}},"locations":[{"start":{"line":79,"column":29},"end":{"line":79,"column":84}}]},"13":{"type":"branch","line":87,"loc":{"start":{"line":87,"column":18},"end":{"line":87,"column":55}},"locations":[{"start":{"line":87,"column":18},"end":{"line":87,"column":55}}]},"14":{"type":"branch","line":88,"loc":{"start":{"line":88,"column":20},"end":{"line":88,"column":69}},"locations":[{"start":{"line":88,"column":20},"end":{"line":88,"column":69}}]},"15":{"type":"branch","line":94,"loc":{"start":{"line":94,"column":25},"end":{"line":97,"column":56}},"locations":[{"start":{"line":94,"column":25},"end":{"line":97,"column":56}}]},"16":{"type":"branch","line":95,"loc":{"start":{"line":95,"column":20},"end":{"line":96,"column":77}},"locations":[{"start":{"line":95,"column":20},"end":{"line":96,"column":77}}]},"17":{"type":"branch","line":97,"loc":{"start":{"line":97,"column":54},"end":{"line":98,"column":44}},"locations":[{"start":{"line":97,"column":54},"end":{"line":98,"column":44}}]},"18":{"type":"branch","line":104,"loc":{"start":{"line":104,"column":28},"end":{"line":104,"column":50}},"locations":[{"start":{"line":104,"column":28},"end":{"line":104,"column":50}}]},"19":{"type":"branch","line":108,"loc":{"start":{"line":108,"column":26},"end":{"line":108,"column":77}},"locations":[{"start":{"line":108,"column":26},"end":{"line":108,"column":77}}]},"20":{"type":"branch","line":108,"loc":{"start":{"line":108,"column":73},"end":{"line":108,"column":85}},"locations":[{"start":{"line":108,"column":73},"end":{"line":108,"column":85}}]},"21":{"type":"branch","line":111,"loc":{"start":{"line":111,"column":26},"end":{"line":111,"column":36}},"locations":[{"start":{"line":111,"column":26},"end":{"line":111,"column":36}}]},"22":{"type":"branch","line":90,"loc":{"start":{"line":90,"column":23},"end":{"line":90,"column":68}},"locations":[{"start":{"line":90,"column":23},"end":{"line":90,"column":68}}]}},"b":{"0":[4],"1":[1],"2":[3],"3":[0],"4":[3],"5":[4],"6":[0],"7":[6],"8":[6],"9":[2],"10":[0],"11":[4],"12":[0],"13":[0],"14":[0],"15":[2],"16":[0],"17":[4],"18":[4],"19":[2],"20":[4],"21":[4],"22":[2]},"fnMap":{"0":{"name":"BenchCell","decl":{"start":{"line":29,"column":25},"end":{"line":119,"column":1}},"loc":{"start":{"line":29,"column":25},"end":{"line":119,"column":1}},"line":29},"1":{"name":"onMouseEnter","decl":{"start":{"line":62,"column":20},"end":{"line":62,"column":62}},"loc":{"start":{"line":62,"column":20},"end":{"line":62,"column":62}},"line":62},"2":{"name":"onMouseLeave","decl":{"start":{"line":63,"column":20},"end":{"line":63,"column":49}},"loc":{"start":{"line":63,"column":20},"end":{"line":63,"column":49}},"line":63},"3":{"name":"onClick","decl":{"start":{"line":90,"column":23},"end":{"line":90,"column":68}},"loc":{"start":{"line":90,"column":23},"end":{"line":90,"column":68}},"line":90},"4":{"name":"onMouseEnter","decl":{"start":{"line":91,"column":28},"end":{"line":91,"column":64}},"loc":{"start":{"line":91,"column":28},"end":{"line":91,"column":64}},"line":91},"5":{"name":"onMouseLeave","decl":{"start":{"line":92,"column":28},"end":{"line":92,"column":57}},"loc":{"start":{"line":92,"column":28},"end":{"line":92,"column":57}},"line":92}},"f":{"0":4,"1":0,"2":0,"3":2,"4":0,"5":0}}
,"C:\\Users\\kiran\\Desktop\\rvce-resource-allocator\\frontend\\src\\components\\ClassroomGrid.tsx": {"path":"C:\\Users\\kiran\\Desktop\\rvce-resource-allocator\\frontend\\src\\components\\ClassroomGrid.tsx","all":false,"statementMap":{"0":{"start":{"line":1,"column":0},"end":{"line":1,"column":3}},"1":{"start":{"line":2,"column":0},"end":{"line":2,"column":26}},"2":{"start":{"line":3,"column":0},"end":{"line":3,"column":56}},"3":{"start":{"line":4,"column":0},"end":{"line":4,"column":38}},"4":{"start":{"line":5,"column":0},"end":{"line":5,"column":3}},"5":{"start":{"line":6,"column":0},"end":{"line":6,"column":0}},"6":{"start":{"line":7,"column":0},"end":{"line":7,"column":31}},"7":{"start":{"line":8,"column":0},"end":{"line":8,"column":13}},"8":{"start":{"line":9,"column":0},"end":{"line":9,"column":14}},"9":{"start":{"line":10,"column":0},"end":{"line":10,"column":18}},"10":{"start":{"line":11,"column":0},"end":{"line":11,"column":10}},"11":{"start":{"line":12,"column":0},"end":{"line":12,"column":23}},"12":{"start":{"line":13,"column":0},"end":{"line":13,"column":14}},"13":{"start":{"line":14,"column":0},"end":{"line":14,"column":21}},"14":{"start":{"line":15,"column":0},"end":{"line":15,"column":39}},"15":{"start":{"line":16,"column":0},"end":{"line":16,"column":56}},"16":{"start":{"line":17,"column":0},"end":{"line":17,"column":0}},"17":{"start":{"line":18,"column":0},"end":{"line":18,"column":30}},"18":{"start":{"line":19,"column":0},"end":{"line":19,"column":23}},"19":{"start":{"line":20,"column":0},"end":{"line":20,"column":30}},"20":{"start":{"line":21,"column":0},"end":{"line":21,"column":46}},"21":{"start":{"line":22,"column":0},"end":{"line":22,"column":42}},"22":{"start":{"line":23,"column":0},"end":{"line":23,"column":33}},"23":{"start":{"line":24,"column":0},"end":{"line":24,"column":76}},"24":{"start":{"line":25,"column":0},"end":{"line":25,"column":1}},"25":{"start":{"line":26,"column":0},"end":{"line":26,"column":0}},"26":{"start":{"line":27,"column":0},"end":{"line":27,"column":31}},"27":{"start":{"line":28,"column":0},"end":{"line":28,"column":17}},"28":{"start":{"line":29,"column":0},"end":{"line":29,"column":19}},"29":{"start":{"line":30,"column":0},"end":{"line":30,"column":19}},"30":{"start":{"line":31,"column":0},"end":{"line":31,"column":19}},"31":{"start":{"line":32,"column":0},"end":{"line":32,"column":43}},"32":{"start":{"line":33,"column":0},"end":{"line":33,"column":41}},"33":{"start":{"line":34,"column":0},"end":{"line":34,"column":17}},"34":{"start":{"line":35,"column":0},"end":{"line":35,"column":29}},"35":{"start":{"line":36,"column":0},"end":{"line":36,"column":53}},"36":{"start":{"line":37,"column":0},"end":{"line":37,"column":58}},"37":{"start":{"line":38,"column":0},"end":{"line":38,"column":94}},"38":{"start":{"line":39,"column":0},"end":{"line":39,"column":19}},"39":{"start":{"line":40,"column":0},"end":{"line":40,"column":26}},"40":{"start":{"line":41,"column":0},"end":{"line":41,"column":14}},"41":{"start":{"line":42,"column":0},"end":{"line":42,"column":5}},"42":{"start":{"line":43,"column":0},"end":{"line":43,"column":0}},"43":{"start":{"line":44,"column":0},"end":{"line":44,"column":16}},"44":{"start":{"line":45,"column":0},"end":{"line":45,"column":71}},"45":{"start":{"line":46,"column":0},"end":{"line":46,"column":21}},"46":{"start":{"line":47,"column":0},"end":{"line":47,"column":22}},"47":{"start":{"line":48,"column":0},"end":{"line":48,"column":13}},"48":{"start":{"line":49,"column":0},"end":{"line":49,"column":15}},"49":{"start":{"line":50,"column":0},"end":{"line":50,"column":15}},"50":{"start":{"line":51,"column":0},"end":{"line":51,"column":28}},"51":{"start":{"line":52,"column":0},"end":{"line":52,"column":75}},"52":{"start":{"line":53,"column":0},"end":{"line":53,"column":16}},"53":{"start":{"line":54,"column":0},"end":{"line":54,"column":24}},"54":{"start":{"line":55,"column":0},"end":{"line":55,"column":23}},"55":{"start":{"line":56,"column":0},"end":{"line":56,"column":30}},"56":{"start":{"line":57,"column":0},"end":{"line":57,"column":6}},"57":{"start":{"line":58,"column":0},"end":{"line":58,"column":3}},"58":{"start":{"line":59,"column":0},"end":{"line":59,"column":14}},"59":{"start":{"line":60,"column":0},"end":{"line":60,"column":1}},"60":{"start":{"line":61,"column":0},"end":{"line":61,"column":0}},"61":{"start":{"line":62,"column":0},"end":{"line":62,"column":24}},"62":{"start":{"line":63,"column":0},"end":{"line":63,"column":24}},"63":{"start":{"line":64,"column":0},"end":{"line":64,"column":17}},"64":{"start":{"line":65,"column":0},"end":{"line":65,"column":43}},"65":{"start":{"line":66,"column":0},"end":{"line":66,"column":41}},"66":{"start":{"line":67,"column":0},"end":{"line":67,"column":6}},"67":{"start":{"line":68,"column":0},"end":{"line":68,"column":38}},"68":{"start":{"line":69,"column":0},"end":{"line":69,"column":11}},"69":{"start":{"line":70,"column":0},"end":{"line":70,"column":13}},"70":{"start":{"line":71,"column":0},"end":{"line":71,"column":13}},"71":{"start":{"line":72,"column":0},"end":{"line":72,"column":22}},"72":{"start":{"line":73,"column":0},"end":{"line":73,"column":23}},"73":{"start":{"line":74,"column":0},"end":{"line":74,"column":21}},"74":{"start":{"line":75,"column":0},"end":{"line":75,"column":3}},"75":{"start":{"line":76,"column":0},"end":{"line":76,"column":0}},"76":{"start":{"line":77,"column":0},"end":{"line":77,"column":10}},"77":{"start":{"line":78,"column":0},"end":{"line":78,"column":18}},"78":{"start":{"line":79,"column":0},"end":{"line":79,"column":18}},"79":{"start":{"line":80,"column":0},"end":{"line":80,"column":28}},"80":{"start":{"line":81,"column":0},"end":{"line":81,"column":42}},"81":{"start":{"line":82,"column":0},"end":{"line":82,"column":10}},"82":{"start":{"line":83,"column":0},"end":{"line":83,"column":75}},"83":{"start":{"line":84,"column":0},"end":{"line":84,"column":28}},"84":{"start":{"line":85,"column":0},"end":{"line":85,"column":3}},"85":{"start":{"line":86,"column":0},"end":{"line":86,"column":1}},"86":{"start":{"line":87,"column":0},"end":{"line":87,"column":0}},"87":{"start":{"line":88,"column":0},"end":{"line":88,"column":31}},"88":{"start":{"line":89,"column":0},"end":{"line":89,"column":11}},"89":{"start":{"line":90,"column":0},"end":{"line":90,"column":16}},"90":{"start":{"line":91,"column":0},"end":{"line":91,"column":18}},"91":{"start":{"line":92,"column":0},"end":{"line":92,"column":21}},"92":{"start":{"line":93,"column":0},"end":{"line":93,"column":21}},"93":{"start":{"line":94,"column":0},"end":{"line":94,"column":14}},"94":{"start":{"line":95,"column":0},"end":{"line":95,"column":27}},"95":{"start":{"line":96,"column":0},"end":{"line":96,"column":50}},"96":{"start":{"line":97,"column":0},"end":{"line":97,"column":0}},"97":{"start":{"line":98,"column":0},"end":{"line":98,"column":44}},"98":{"start":{"line":99,"column":0},"end":{"line":99,"column":42}},"99":{"start":{"line":100,"column":0},"end":{"line":100,"column":37}},"100":{"start":{"line":101,"column":0},"end":{"line":101,"column":76}},"101":{"start":{"line":102,"column":0},"end":{"line":102,"column":41}},"102":{"start":{"line":103,"column":0},"end":{"line":103,"column":22}},"103":{"start":{"line":104,"column":0},"end":{"line":104,"column":18}},"104":{"start":{"line":105,"column":0},"end":{"line":105,"column":57}},"105":{"start":{"line":106,"column":0},"end":{"line":106,"column":32}},"106":{"start":{"line":107,"column":0},"end":{"line":107,"column":48}},"107":{"start":{"line":108,"column":0},"end":{"line":108,"column":46}},"108":{"start":{"line":109,"column":0},"end":{"line":109,"column":10}},"109":{"start":{"line":110,"column":0},"end":{"line":110,"column":7}},"110":{"start":{"line":111,"column":0},"end":{"line":111,"column":6}},"111":{"start":{"line":112,"column":0},"end":{"line":112,"column":14}},"112":{"start":{"line":113,"column":0},"end":{"line":113,"column":41}},"113":{"start":{"line":114,"column":0},"end":{"line":114,"column":0}},"114":{"start":{"line":115,"column":0},"end":{"line":115,"column":43}},"115":{"start":{"line":116,"column":0},"end":{"line":116,"column":42}},"116":{"start":{"line":117,"column":0},"end":{"line":117,"column":42}},"117":{"start":{"line":118,"column":0},"end":{"line":118,"column":76}},"118":{"start":{"line":119,"column":0},"end":{"line":119,"column":24}},"119":{"start":{"line":120,"column":0},"end":{"line":120,"column":6}},"120":{"start":{"line":121,"column":0},"end":{"line":121,"column":14}},"121":{"start":{"line":122,"column":0},"end":{"line":122,"column":26}},"122":{"start":{"line":123,"column":0},"end":{"line":123,"column":0}},"123":{"start":{"line":124,"column":0},"end":{"line":124,"column":38}},"124":{"start":{"line":125,"column":0},"end":{"line":125,"column":33}},"125":{"start":{"line":126,"column":0},"end":{"line":126,"column":19}},"126":{"start":{"line":127,"column":0},"end":{"line":127,"column":28}},"127":{"start":{"line":128,"column":0},"end":{"line":128,"column":98}},"128":{"start":{"line":129,"column":0},"end":{"line":129,"column":72}},"129":{"start":{"line":130,"column":0},"end":{"line":130,"column":0}},"130":{"start":{"line":131,"column":0},"end":{"line":131,"column":31}},"131":{"start":{"line":132,"column":0},"end":{"line":132,"column":85}},"132":{"start":{"line":133,"column":0},"end":{"line":133,"column":87}},"133":{"start":{"line":134,"column":0},"end":{"line":134,"column":12}},"134":{"start":{"line":135,"column":0},"end":{"line":135,"column":20}},"135":{"start":{"line":136,"column":0},"end":{"line":136,"column":20}},"136":{"start":{"line":137,"column":0},"end":{"line":137,"column":25}},"137":{"start":{"line":138,"column":0},"end":{"line":138,"column":82}},"138":{"start":{"line":139,"column":0},"end":{"line":139,"column":5}},"139":{"start":{"line":140,"column":0},"end":{"line":140,"column":15}},"140":{"start":{"line":141,"column":0},"end":{"line":141,"column":0}},"141":{"start":{"line":142,"column":0},"end":{"line":142,"column":27}},"142":{"start":{"line":143,"column":0},"end":{"line":143,"column":92}},"143":{"start":{"line":144,"column":0},"end":{"line":144,"column":14}},"144":{"start":{"line":145,"column":0},"end":{"line":145,"column":3}},"145":{"start":{"line":146,"column":0},"end":{"line":146,"column":0}},"146":{"start":{"line":147,"column":0},"end":{"line":147,"column":10}},"147":{"start":{"line":148,"column":0},"end":{"line":148,"column":92}},"148":{"start":{"line":149,"column":0},"end":{"line":149,"column":25}},"149":{"start":{"line":150,"column":0},"end":{"line":150,"column":56}},"150":{"start":{"line":151,"column":0},"end":{"line":151,"column":13}},"151":{"start":{"line":152,"column":0},"end":{"line":152,"column":58}},"152":{"start":{"line":153,"column":0},"end":{"line":153,"column":77}},"153":{"start":{"line":154,"column":0},"end":{"line":154,"column":15}},"154":{"start":{"line":155,"column":0},"end":{"line":155,"column":49}},"155":{"start":{"line":156,"column":0},"end":{"line":156,"column":78}},"156":{"start":{"line":157,"column":0},"end":{"line":157,"column":16}},"157":{"start":{"line":158,"column":0},"end":{"line":158,"column":14}},"158":{"start":{"line":159,"column":0},"end":{"line":159,"column":0}},"159":{"start":{"line":160,"column":0},"end":{"line":160,"column":21}},"160":{"start":{"line":161,"column":0},"end":{"line":161,"column":36}},"161":{"start":{"line":162,"column":0},"end":{"line":162,"column":61}},"162":{"start":{"line":163,"column":0},"end":{"line":163,"column":55}},"163":{"start":{"line":164,"column":0},"end":{"line":164,"column":16}},"164":{"start":{"line":165,"column":0},"end":{"line":165,"column":49}},"165":{"start":{"line":166,"column":0},"end":{"line":166,"column":44}},"166":{"start":{"line":167,"column":0},"end":{"line":167,"column":16}},"167":{"start":{"line":168,"column":0},"end":{"line":168,"column":14}},"168":{"start":{"line":169,"column":0},"end":{"line":169,"column":12}},"169":{"start":{"line":170,"column":0},"end":{"line":170,"column":0}},"170":{"start":{"line":171,"column":0},"end":{"line":171,"column":22}},"171":{"start":{"line":172,"column":0},"end":{"line":172,"column":31}},"172":{"start":{"line":173,"column":0},"end":{"line":173,"column":71}},"173":{"start":{"line":174,"column":0},"end":{"line":174,"column":84}},"174":{"start":{"line":175,"column":0},"end":{"line":175,"column":60}},"175":{"start":{"line":176,"column":0},"end":{"line":176,"column":45}},"176":{"start":{"line":177,"column":0},"end":{"line":177,"column":28}},"177":{"start":{"line":178,"column":0},"end":{"line":178,"column":51}},"178":{"start":{"line":179,"column":0},"end":{"line":179,"column":78}},"179":{"start":{"line":180,"column":0},"end":{"line":180,"column":62}},"180":{"start":{"line":181,"column":0},"end":{"line":181,"column":19}},"181":{"start":{"line":182,"column":0},"end":{"line":182,"column":15}},"182":{"start":{"line":183,"column":0},"end":{"line":183,"column":15}},"183":{"start":{"line":184,"column":0},"end":{"line":184,"column":14}},"184":{"start":{"line":185,"column":0},"end":{"line":185,"column":8}},"185":{"start":{"line":186,"column":0},"end":{"line":186,"column":0}},"186":{"start":{"line":187,"column":0},"end":{"line":187,"column":21}},"187":{"start":{"line":188,"column":0},"end":{"line":188,"column":10}},"188":{"start":{"line":189,"column":0},"end":{"line":189,"column":99}},"189":{"start":{"line":190,"column":0},"end":{"line":190,"column":16}},"190":{"start":{"line":191,"column":0},"end":{"line":191,"column":88}},"191":{"start":{"line":192,"column":0},"end":{"line":192,"column":46}},"192":{"start":{"line":193,"column":0},"end":{"line":193,"column":10}},"193":{"start":{"line":194,"column":0},"end":{"line":194,"column":51}},"194":{"start":{"line":195,"column":0},"end":{"line":195,"column":7}},"195":{"start":{"line":196,"column":0},"end":{"line":196,"column":33}},"196":{"start":{"line":197,"column":0},"end":{"line":197,"column":20}},"197":{"start":{"line":198,"column":0},"end":{"line":198,"column":66}},"198":{"start":{"line":199,"column":0},"end":{"line":199,"column":25}},"199":{"start":{"line":200,"column":0},"end":{"line":200,"column":45}},"200":{"start":{"line":201,"column":0},"end":{"line":201,"column":37}},"201":{"start":{"line":202,"column":0},"end":{"line":202,"column":51}},"202":{"start":{"line":203,"column":0},"end":{"line":203,"column":20}},"203":{"start":{"line":204,"column":0},"end":{"line":204,"column":41}},"204":{"start":{"line":205,"column":0},"end":{"line":205,"column":38}},"205":{"start":{"line":206,"column":0},"end":{"line":206,"column":14}},"206":{"start":{"line":207,"column":0},"end":{"line":207,"column":12}},"207":{"start":{"line":208,"column":0},"end":{"line":208,"column":11}},"208":{"start":{"line":209,"column":0},"end":{"line":209,"column":12}},"209":{"start":{"line":210,"column":0},"end":{"line":210,"column":0}},"210":{"start":{"line":211,"column":0},"end":{"line":211,"column":20}},"211":{"start":{"line":212,"column":0},"end":{"line":212,"column":66}},"212":{"start":{"line":213,"column":0},"end":{"line":213,"column":49}},"213":{"start":{"line":214,"column":0},"end":{"line":214,"column":80}},"214":{"start":{"line":215,"column":0},"end":{"line":215,"column":26}},"215":{"start":{"line":216,"column":0},"end":{"line":216,"column":14}},"216":{"start":{"line":217,"column":0},"end":{"line":217,"column":49}},"217":{"start":{"line":218,"column":0},"end":{"line":218,"column":82}},"218":{"start":{"line":219,"column":0},"end":{"line":219,"column":26}},"219":{"start":{"line":220,"column":0},"end":{"line":220,"column":14}},"220":{"start":{"line":221,"column":0},"end":{"line":221,"column":49}},"221":{"start":{"line":222,"column":0},"end":{"line":222,"column":84}},"222":{"start":{"line":223,"column":0},"end":{"line":223,"column":26}},"223":{"start":{"line":224,"column":0},"end":{"line":224,"column":14}},"224":{"start":{"line":225,"column":0},"end":{"line":225,"column":49}},"225":{"start":{"line":226,"column":0},"end":{"line":226,"column":78}},"226":{"start":{"line":227,"column":0},"end":{"line":227,"column":27}},"227":{"start":{"line":228,"column":0},"end":{"line":228,"column":14}},"228":{"start":{"line":229,"column":0},"end":{"line":229,"column":49}},"229":{"start":{"line":230,"column":0},"end":{"line":230,"column":80}},"230":{"start":{"line":231,"column":0},"end":{"line":231,"column":28}},"231":{"start":{"line":232,"column":0},"end":{"line":232,"column":14}},"232":{"start":{"line":233,"column":0},"end":{"line":233,"column":49}},"233":{"start":{"line":234,"column":0},"end":{"line":234,"column":80}},"234":{"start":{"line":235,"column":0},"end":{"line":235,"column":31}},"235":{"start":{"line":236,"column":0},"end":{"line":236,"column":14}},"236":{"start":{"line":237,"column":0},"end":{"line":237,"column":12}},"237":{"start":{"line":238,"column":0},"end":{"line":238,"column":10}},"238":{"start":{"line":239,"column":0},"end":{"line":239,"column":3}},"239":{"start":{"line":240,"column":0},"end":{"line":240,"column":1}}},"s":{"0":1,"1":1,"2":1,"3":1,"4":1,"5":1,"6":1,"7":1,"8":1,"9":1,"10":1,"11":1,"12":1,"13":1,"14":1,"15":1,"16":1,"17":1,"18":1,"19":1,"20":1,"21":1,"22":1,"23":1,"24":1,"25":1,"26":1,"27":2,"28":2,"29":2,"30":2,"31":2,"32":2,"33":2,"34":2,"35":2,"36":4,"37":4,"38":4,"39":2,"40":2,"41":2,"42":2,"43":2,"44":2,"45":2,"46":2,"47":2,"48":2,"49":2,"50":2,"51":2,"52":2,"53":2,"54":2,"55":2,"56":2,"57":2,"58":2,"59":2,"60":1,"61":1,"62":2,"63":2,"64":2,"65":2,"66":2,"67":2,"68":2,"69":2,"70":2,"71":2,"72":2,"73":2,"74":2,"75":2,"76":2,"77":2,"78":2,"79":2,"80":2,"81":2,"82":2,"83":2,"84":2,"85":2,"86":1,"87":1,"88":2,"89":2,"90":2,"91":2,"92":2,"93":2,"94":2,"95":2,"96":2,"97":2,"98":2,"99":2,"100":2,"101":2,"102":2,"103":2,"104":2,"105":2,"106":2,"107":2,"108":2,"109":2,"110":2,"111":2,"112":2,"113":2,"114":2,"115":2,"116":2,"117":0,"118":0,"119":2,"120":2,"121":2,"122":2,"123":2,"124":2,"125":2,"126":2,"127":2,"128":2,"129":2,"130":2,"131":2,"132":2,"133":2,"134":2,"135":2,"136":2,"137":2,"138":2,"139":2,"140":2,"141":2,"142":2,"143":2,"144":2,"145":2,"146":2,"147":2,"148":2,"149":2,"150":2,"151":2,"152":2,"153":2,"154":2,"155":2,"156":2,"157":2,"158":2,"159":2,"160":2,"161":2,"162":2,"163":2,"164":2,"165":2,"166":2,"167":2,"168":2,"169":2,"170":2,"171":2,"172":0,"173":0,"174":0,"175":0,"176":0,"177":0,"178":0,"179":0,"180":0,"181":0,"182":0,"183":0,"184":2,"185":2,"186":2,"187":2,"188":2,"189":2,"190":2,"191":2,"192":2,"193":2,"194":2,"195":2,"196":2,"197":2,"198":2,"199":2,"200":2,"201":2,"202":2,"203":2,"204":2,"205":2,"206":2,"207":2,"208":2,"209":2,"210":2,"211":2,"212":2,"213":2,"214":2,"215":2,"216":2,"217":2,"218":2,"219":2,"220":2,"221":2,"222":2,"223":2,"224":2,"225":2,"226":2,"227":2,"228":2,"229":2,"230":2,"231":2,"232":2,"233":2,"234":2,"235":2,"236":2,"237":2,"238":2,"239":2},"branchMap":{"0":{"type":"branch","line":27,"loc":{"start":{"line":27,"column":30},"end":{"line":60,"column":1}},"locations":[{"start":{"line":27,"column":30},"end":{"line":60,"column":1}}]},"1":{"type":"branch","line":36,"loc":{"start":{"line":36,"column":52},"end":{"line":58,"column":3}},"locations":[{"start":{"line":36,"column":52},"end":{"line":58,"column":3}}]},"2":{"type":"branch","line":39,"loc":{"start":{"line":39,"column":18},"end":{"line":58,"column":3}},"locations":[{"start":{"line":39,"column":18},"end":{"line":58,"column":3}}]},"3":{"type":"branch","line":62,"loc":{"start":{"line":62,"column":23},"end":{"line":86,"column":1}},"locations":[{"start":{"line":62,"column":23},"end":{"line":86,"column":1}}]},"4":{"type":"branch","line":83,"loc":{"start":{"line":83,"column":33},"end":{"line":83,"column":66}},"locations":[{"start":{"line":83,"column":33},"end":{"line":83,"column":66}}]},"5":{"type":"branch","line":88,"loc":{"start":{"line":88,"column":29},"end":{"line":240,"column":1}},"locations":[{"start":{"line":88,"column":29},"end":{"line":240,"column":1}}]},"6":{"type":"branch","line":124,"loc":{"start":{"line":124,"column":28},"end":{"line":124,"column":38}},"locations":[{"start":{"line":124,"column":28},"end":{"line":124,"column":38}}]},"7":{"type":"branch","line":153,"loc":{"start":{"line":153,"column":22},"end":{"line":153,"column":62}},"locations":[{"start":{"line":153,"column":22},"end":{"line":153,"column":62}}]},"8":{"type":"branch","line":153,"loc":{"start":{"line":153,"column":50},"end":{"line":153,"column":77}},"locations":[{"start":{"line":153,"column":50},"end":{"line":153,"column":77}}]},"9":{"type":"branch","line":156,"loc":{"start":{"line":156,"column":22},"end":{"line":156,"column":37}},"locations":[{"start":{"line":156,"column":22},"end":{"line":156,"column":37}}]},"10":{"type":"branch","line":156,"loc":{"start":{"line":156,"column":55},"end":{"line":156,"column":70}},"locations":[{"start":{"line":156,"column":55},"end":{"line":156,"column":70}}]},"11":{"type":"branch","line":172,"loc":{"start":{"line":172,"column":25},"end":{"line":184,"column":14}},"locations":[{"start":{"line":172,"column":25},"end":{"line":184,"column":14}}]},"12":{"type":"branch","line":191,"loc":{"start":{"line":191,"column":50},"end":{"line":191,"column":64}},"locations":[{"start":{"line":191,"column":50},"end":{"line":191,"column":64}}]},"13":{"type":"branch","line":98,"loc":{"start":{"line":98,"column":37},"end":{"line":113,"column":5}},"locations":[{"start":{"line":98,"column":37},"end":{"line":113,"column":5}}]},"14":{"type":"branch","line":100,"loc":{"start":{"line":100,"column":26},"end":{"line":111,"column":5}},"locations":[{"start":{"line":100,"column":26},"end":{"line":111,"column":5}}]},"15":{"type":"branch","line":105,"loc":{"start":{"line":105,"column":33},"end":{"line":105,"column":57}},"locations":[{"start":{"line":105,"column":33},"end":{"line":105,"column":57}}]},"16":{"type":"branch","line":106,"loc":{"start":{"line":106,"column":20},"end":{"line":106,"column":32}},"locations":[{"start":{"line":106,"column":20},"end":{"line":106,"column":32}}]},"17":{"type":"branch","line":107,"loc":{"start":{"line":107,"column":28},"end":{"line":107,"column":48}},"locations":[{"start":{"line":107,"column":28},"end":{"line":107,"column":48}}]},"18":{"type":"branch","line":108,"loc":{"start":{"line":108,"column":27},"end":{"line":108,"column":46}},"locations":[{"start":{"line":108,"column":27},"end":{"line":108,"column":46}}]},"19":{"type":"branch","line":115,"loc":{"start":{"line":115,"column":36},"end":{"line":122,"column":5}},"locations":[{"start":{"line":115,"column":36},"end":{"line":122,"column":5}}]},"20":{"type":"branch","line":125,"loc":{"start":{"line":125,"column":26},"end":{"line":129,"column":5}},"locations":[{"start":{"line":125,"column":26},"end":{"line":129,"column":5}}]},"21":{"type":"branch","line":127,"loc":{"start":{"line":127,"column":15},"end":{"line":127,"column":27}},"locations":[{"start":{"line":127,"column":15},"end":{"line":127,"column":27}}]},"22":{"type":"branch","line":128,"loc":{"start":{"line":128,"column":11},"end":{"line":128,"column":97}},"locations":[{"start":{"line":128,"column":11},"end":{"line":128,"column":97}}]},"23":{"type":"branch","line":131,"loc":{"start":{"line":131,"column":24},"end":{"line":140,"column":5}},"locations":[{"start":{"line":131,"column":24},"end":{"line":140,"column":5}}]},"24":{"type":"branch","line":138,"loc":{"start":{"line":138,"column":76},"end":{"line":138,"column":82}},"locations":[{"start":{"line":138,"column":76},"end":{"line":138,"column":82}}]},"25":{"type":"branch","line":132,"loc":{"start":{"line":132,"column":41},"end":{"line":132,"column":83}},"locations":[{"start":{"line":132,"column":41},"end":{"line":132,"column":83}}]},"26":{"type":"branch","line":133,"loc":{"start":{"line":133,"column":41},"end":{"line":133,"column":85}},"locations":[{"start":{"line":133,"column":41},"end":{"line":133,"column":85}}]},"27":{"type":"branch","line":143,"loc":{"start":{"line":143,"column":4},"end":{"line":143,"column":92}},"locations":[{"start":{"line":143,"column":4},"end":{"line":143,"column":92}}]},"28":{"type":"branch","line":143,"loc":{"start":{"line":143,"column":27},"end":{"line":143,"column":78}},"locations":[{"start":{"line":143,"column":27},"end":{"line":143,"column":78}}]},"29":{"type":"branch","line":143,"loc":{"start":{"line":143,"column":48},"end":{"line":143,"column":77}},"locations":[{"start":{"line":143,"column":48},"end":{"line":143,"column":77}}]},"30":{"type":"branch","line":143,"loc":{"start":{"line":143,"column":63},"end":{"line":143,"column":77}},"locations":[{"start":{"line":143,"column":63},"end":{"line":143,"column":77}}]},"31":{"type":"branch","line":196,"loc":{"start":{"line":196,"column":21},"end":{"line":207,"column":12}},"locations":[{"start":{"line":196,"column":21},"end":{"line":207,"column":12}}]}},"b":{"0":[2],"1":[4],"2":[2],"3":[2],"4":[4],"5":[2],"6":[0],"7":[0],"8":[0],"9":[0],"10":[0],"11":[0],"12":[0],"13":[2],"14":[2],"15":[0],"16":[0],"17":[0],"18":[0],"19":[2],"20":[2],"21":[2],"22":[2],"23":[2],"24":[0],"25":[2],"26":[2],"27":[2],"28":[2],"29":[2],"30":[0],"31":[2]},"fnMap":{"0":{"name":"buildSeatPlaceholders","decl":{"start":{"line":27,"column":30},"end":{"line":60,"column":1}},"loc":{"start":{"line":27,"column":30},"end":{"line":60,"column":1}},"line":27},"1":{"name":"normalizeBench","decl":{"start":{"line":62,"column":23},"end":{"line":86,"column":1}},"loc":{"start":{"line":62,"column":23},"end":{"line":86,"column":1}},"line":62},"2":{"name":"ClassroomGrid","decl":{"start":{"line":88,"column":29},"end":{"line":240,"column":1}},"loc":{"start":{"line":88,"column":29},"end":{"line":240,"column":1}},"line":88},"3":{"name":"onMouseLeave","decl":{"start":{"line":194,"column":22},"end":{"line":194,"column":51}},"loc":{"start":{"line":194,"column":22},"end":{"line":194,"column":51}},"line":194}},"f":{"0":2,"1":2,"2":2,"3":0}}
,"C:\\Users\\kiran\\Desktop\\rvce-resource-allocator\\frontend\\src\\store\\seatingStore.ts": {"path":"C:\\Users\\kiran\\Desktop\\rvce-resource-allocator\\frontend\\src\\store\\seatingStore.ts","all":false,"statementMap":{"0":{"start":{"line":1,"column":0},"end":{"line":1,"column":3}},"1":{"start":{"line":2,"column":0},"end":{"line":2,"column":55}},"2":{"start":{"line":3,"column":0},"end":{"line":3,"column":68}},"3":{"start":{"line":4,"column":0},"end":{"line":4,"column":3}},"4":{"start":{"line":5,"column":0},"end":{"line":5,"column":0}},"5":{"start":{"line":6,"column":0},"end":{"line":6,"column":32}},"6":{"start":{"line":7,"column":0},"end":{"line":7,"column":65}},"7":{"start":{"line":8,"column":0},"end":{"line":8,"column":0}},"8":{"start":{"line":9,"column":0},"end":{"line":9,"column":26}},"9":{"start":{"line":10,"column":0},"end":{"line":10,"column":20}},"10":{"start":{"line":11,"column":0},"end":{"line":11,"column":46}},"11":{"start":{"line":12,"column":0},"end":{"line":12,"column":68}},"12":{"start":{"line":13,"column":0},"end":{"line":13,"column":0}},"13":{"start":{"line":14,"column":0},"end":{"line":14,"column":32}},"14":{"start":{"line":15,"column":0},"end":{"line":15,"column":30}},"15":{"start":{"line":16,"column":0},"end":{"line":16,"column":51}},"16":{"start":{"line":17,"column":0},"end":{"line":17,"column":0}},"17":{"start":{"line":18,"column":0},"end":{"line":18,"column":30}},"18":{"start":{"line":19,"column":0},"end":{"line":19,"column":29}},"19":{"start":{"line":20,"column":0},"end":{"line":20,"column":50}},"20":{"start":{"line":21,"column":0},"end":{"line":21,"column":0}},"21":{"start":{"line":22,"column":0},"end":{"line":22,"column":56}},"22":{"start":{"line":23,"column":0},"end":{"line":23,"column":42}},"23":{"start":{"line":24,"column":0},"end":{"line":24,"column":47}},"24":{"start":{"line":25,"column":0},"end":{"line":25,"column":51}},"25":{"start":{"line":26,"column":0},"end":{"line":26,"column":51}},"26":{"start":{"line":27,"column":0},"end":{"line":27,"column":37}},"27":{"start":{"line":28,"column":0},"end":{"line":28,"column":63}},"28":{"start":{"line":29,"column":0},"end":{"line":29,"column":0}},"29":{"start":{"line":30,"column":0},"end":{"line":30,"column":49}},"30":{"start":{"line":31,"column":0},"end":{"line":31,"column":33}},"31":{"start":{"line":32,"column":0},"end":{"line":32,"column":53}},"32":{"start":{"line":33,"column":0},"end":{"line":33,"column":56}},"33":{"start":{"line":34,"column":0},"end":{"line":34,"column":37}},"34":{"start":{"line":35,"column":0},"end":{"line":35,"column":0}},"35":{"start":{"line":36,"column":0},"end":{"line":36,"column":28}},"36":{"start":{"line":37,"column":0},"end":{"line":37,"column":18}},"37":{"start":{"line":38,"column":0},"end":{"line":38,"column":38}},"38":{"start":{"line":39,"column":0},"end":{"line":39,"column":0}},"39":{"start":{"line":40,"column":0},"end":{"line":40,"column":21}},"40":{"start":{"line":41,"column":0},"end":{"line":41,"column":23}},"41":{"start":{"line":42,"column":0},"end":{"line":42,"column":42}},"42":{"start":{"line":43,"column":0},"end":{"line":43,"column":1}},"43":{"start":{"line":44,"column":0},"end":{"line":44,"column":0}},"44":{"start":{"line":45,"column":0},"end":{"line":45,"column":72}},"45":{"start":{"line":46,"column":0},"end":{"line":46,"column":24}},"46":{"start":{"line":47,"column":0},"end":{"line":47,"column":69}},"47":{"start":{"line":48,"column":0},"end":{"line":48,"column":0}},"48":{"start":{"line":49,"column":0},"end":{"line":49,"column":22}},"49":{"start":{"line":50,"column":0},"end":{"line":50,"column":63}},"50":{"start":{"line":51,"column":0},"end":{"line":51,"column":0}},"51":{"start":{"line":52,"column":0},"end":{"line":52,"column":21}},"52":{"start":{"line":53,"column":0},"end":{"line":53,"column":61}},"53":{"start":{"line":54,"column":0},"end":{"line":54,"column":0}},"54":{"start":{"line":55,"column":0},"end":{"line":55,"column":32}},"55":{"start":{"line":56,"column":0},"end":{"line":56,"column":35}},"56":{"start":{"line":57,"column":0},"end":{"line":57,"column":44}},"57":{"start":{"line":58,"column":0},"end":{"line":58,"column":36}},"58":{"start":{"line":59,"column":0},"end":{"line":59,"column":34}},"59":{"start":{"line":60,"column":0},"end":{"line":60,"column":55}},"60":{"start":{"line":61,"column":0},"end":{"line":61,"column":4}},"61":{"start":{"line":62,"column":0},"end":{"line":62,"column":37}},"62":{"start":{"line":63,"column":0},"end":{"line":63,"column":44}},"63":{"start":{"line":64,"column":0},"end":{"line":64,"column":36}},"64":{"start":{"line":65,"column":0},"end":{"line":65,"column":57}},"65":{"start":{"line":66,"column":0},"end":{"line":66,"column":55}},"66":{"start":{"line":67,"column":0},"end":{"line":67,"column":4}},"67":{"start":{"line":68,"column":0},"end":{"line":68,"column":40}},"68":{"start":{"line":69,"column":0},"end":{"line":69,"column":44}},"69":{"start":{"line":70,"column":0},"end":{"line":70,"column":36}},"70":{"start":{"line":71,"column":0},"end":{"line":71,"column":26}},"71":{"start":{"line":72,"column":0},"end":{"line":72,"column":55}},"72":{"start":{"line":73,"column":0},"end":{"line":73,"column":4}},"73":{"start":{"line":74,"column":0},"end":{"line":74,"column":88}},"74":{"start":{"line":75,"column":0},"end":{"line":75,"column":73}},"75":{"start":{"line":76,"column":0},"end":{"line":76,"column":0}},"76":{"start":{"line":77,"column":0},"end":{"line":77,"column":32}},"77":{"start":{"line":78,"column":0},"end":{"line":78,"column":42}},"78":{"start":{"line":79,"column":0},"end":{"line":79,"column":44}},"79":{"start":{"line":80,"column":0},"end":{"line":80,"column":36}},"80":{"start":{"line":81,"column":0},"end":{"line":81,"column":28}},"81":{"start":{"line":82,"column":0},"end":{"line":82,"column":55}},"82":{"start":{"line":83,"column":0},"end":{"line":83,"column":4}},"83":{"start":{"line":84,"column":0},"end":{"line":84,"column":45}},"84":{"start":{"line":85,"column":0},"end":{"line":85,"column":44}},"85":{"start":{"line":86,"column":0},"end":{"line":86,"column":36}},"86":{"start":{"line":87,"column":0},"end":{"line":87,"column":31}},"87":{"start":{"line":88,"column":0},"end":{"line":88,"column":55}},"88":{"start":{"line":89,"column":0},"end":{"line":89,"column":4}},"89":{"start":{"line":90,"column":0},"end":{"line":90,"column":88}},"90":{"start":{"line":91,"column":0},"end":{"line":91,"column":0}},"91":{"start":{"line":92,"column":0},"end":{"line":92,"column":17}},"92":{"start":{"line":93,"column":0},"end":{"line":93,"column":49}},"93":{"start":{"line":94,"column":0},"end":{"line":94,"column":0}},"94":{"start":{"line":95,"column":0},"end":{"line":95,"column":21}},"95":{"start":{"line":96,"column":0},"end":{"line":96,"column":57}},"96":{"start":{"line":97,"column":0},"end":{"line":97,"column":3}}},"s":{"0":1,"1":1,"2":1,"3":1,"4":1,"5":1,"6":1,"7":1,"8":1,"9":1,"10":1,"11":1,"12":1,"13":1,"14":1,"15":1,"16":1,"17":1,"18":1,"19":1,"20":1,"21":1,"22":1,"23":1,"24":1,"25":1,"26":1,"27":1,"28":1,"29":1,"30":1,"31":1,"32":1,"33":1,"34":1,"35":1,"36":1,"37":1,"38":1,"39":1,"40":1,"41":1,"42":1,"43":1,"44":1,"45":1,"46":1,"47":1,"48":1,"49":1,"50":1,"51":1,"52":1,"53":1,"54":1,"55":1,"56":0,"57":0,"58":0,"59":0,"60":0,"61":1,"62":0,"63":0,"64":0,"65":0,"66":0,"67":1,"68":0,"69":0,"70":0,"71":0,"72":0,"73":1,"74":1,"75":1,"76":1,"77":1,"78":0,"79":0,"80":0,"81":0,"82":0,"83":1,"84":0,"85":0,"86":0,"87":0,"88":0,"89":1,"90":1,"91":1,"92":1,"93":1,"94":1,"95":1,"96":1},"branchMap":{"0":{"type":"branch","line":45,"loc":{"start":{"line":45,"column":56},"end":{"line":97,"column":2}},"locations":[{"start":{"line":45,"column":56},"end":{"line":97,"column":2}}]}},"b":{"0":[1]},"fnMap":{"0":{"name":"setSelectedStudent","decl":{"start":{"line":47,"column":22},"end":{"line":47,"column":69}},"loc":{"start":{"line":47,"column":22},"end":{"line":47,"column":69}},"line":47},"1":{"name":"setHoveredSeatId","decl":{"start":{"line":50,"column":20},"end":{"line":50,"column":63}},"loc":{"start":{"line":50,"column":20},"end":{"line":50,"column":63}},"line":50},"2":{"name":"setActiveHallId","decl":{"start":{"line":53,"column":19},"end":{"line":53,"column":61}},"loc":{"start":{"line":53,"column":19},"end":{"line":53,"column":61}},"line":53},"3":{"name":"addPendingAssignment","decl":{"start":{"line":56,"column":24},"end":{"line":61,"column":4}},"loc":{"start":{"line":56,"column":24},"end":{"line":61,"column":4}},"line":56},"4":{"name":"addPendingAssignments","decl":{"start":{"line":62,"column":25},"end":{"line":67,"column":4}},"loc":{"start":{"line":62,"column":25},"end":{"line":67,"column":4}},"line":62},"5":{"name":"removePendingAssignment","decl":{"start":{"line":68,"column":27},"end":{"line":73,"column":4}},"loc":{"start":{"line":68,"column":27},"end":{"line":73,"column":4}},"line":68},"6":{"name":"clearPendingAssignments","decl":{"start":{"line":74,"column":27},"end":{"line":74,"column":88}},"loc":{"start":{"line":74,"column":27},"end":{"line":74,"column":88}},"line":74},"7":{"name":"getPendingAssignment","decl":{"start":{"line":75,"column":24},"end":{"line":75,"column":73}},"loc":{"start":{"line":75,"column":24},"end":{"line":75,"column":73}},"line":75},"8":{"name":"addRemovedAssignment","decl":{"start":{"line":78,"column":24},"end":{"line":83,"column":4}},"loc":{"start":{"line":78,"column":24},"end":{"line":83,"column":4}},"line":78},"9":{"name":"removeRemovedAssignment","decl":{"start":{"line":84,"column":27},"end":{"line":89,"column":4}},"loc":{"start":{"line":84,"column":27},"end":{"line":89,"column":4}},"line":84},"10":{"name":"clearRemovedAssignments","decl":{"start":{"line":90,"column":27},"end":{"line":90,"column":88}},"loc":{"start":{"line":90,"column":27},"end":{"line":90,"column":88}},"line":90},"11":{"name":"setIsDirty","decl":{"start":{"line":93,"column":14},"end":{"line":93,"column":49}},"loc":{"start":{"line":93,"column":14},"end":{"line":93,"column":49}},"line":93},"12":{"name":"setShowWarnings","decl":{"start":{"line":96,"column":19},"end":{"line":96,"column":57}},"loc":{"start":{"line":96,"column":19},"end":{"line":96,"column":57}},"line":96}},"f":{"0":0,"1":0,"2":0,"3":0,"4":0,"5":0,"6":0,"7":0,"8":0,"9":0,"10":0,"11":0,"12":0}}
,"C:\\Users\\kiran\\Desktop\\rvce-resource-allocator\\frontend\\src\\utils\\allocationRules.ts": {"path":"C:\\Users\\kiran\\Desktop\\rvce-resource-allocator\\frontend\\src\\utils\\allocationRules.ts","all":false,"statementMap":{"0":{"start":{"line":1,"column":0},"end":{"line":1,"column":3}},"1":{"start":{"line":2,"column":0},"end":{"line":2,"column":33}},"2":{"start":{"line":3,"column":0},"end":{"line":3,"column":49}},"3":{"start":{"line":4,"column":0},"end":{"line":4,"column":3}},"4":{"start":{"line":5,"column":0},"end":{"line":5,"column":0}},"5":{"start":{"line":6,"column":0},"end":{"line":6,"column":99}},"6":{"start":{"line":7,"column":0},"end":{"line":7,"column":71}},"7":{"start":{"line":8,"column":0},"end":{"line":8,"column":0}},"8":{"start":{"line":9,"column":0},"end":{"line":9,"column":75}},"9":{"start":{"line":10,"column":0},"end":{"line":10,"column":58}},"10":{"start":{"line":11,"column":0},"end":{"line":11,"column":27}},"11":{"start":{"line":12,"column":0},"end":{"line":12,"column":28}},"12":{"start":{"line":13,"column":0},"end":{"line":13,"column":31}},"13":{"start":{"line":14,"column":0},"end":{"line":14,"column":36}},"14":{"start":{"line":15,"column":0},"end":{"line":15,"column":37}},"15":{"start":{"line":16,"column":0},"end":{"line":16,"column":35}},"16":{"start":{"line":17,"column":0},"end":{"line":17,"column":3}},"17":{"start":{"line":18,"column":0},"end":{"line":18,"column":33}},"18":{"start":{"line":19,"column":0},"end":{"line":19,"column":1}},"19":{"start":{"line":20,"column":0},"end":{"line":20,"column":0}},"20":{"start":{"line":21,"column":0},"end":{"line":21,"column":29}},"21":{"start":{"line":22,"column":0},"end":{"line":22,"column":42}},"22":{"start":{"line":23,"column":0},"end":{"line":23,"column":42}},"23":{"start":{"line":24,"column":0},"end":{"line":24,"column":33}},"24":{"start":{"line":25,"column":0},"end":{"line":25,"column":95}},"25":{"start":{"line":26,"column":0},"end":{"line":26,"column":1}},"26":{"start":{"line":27,"column":0},"end":{"line":27,"column":0}},"27":{"start":{"line":28,"column":0},"end":{"line":28,"column":3}},"28":{"start":{"line":29,"column":0},"end":{"line":29,"column":62}},"29":{"start":{"line":30,"column":0},"end":{"line":30,"column":83}},"30":{"start":{"line":31,"column":0},"end":{"line":31,"column":3}},"31":{"start":{"line":32,"column":0},"end":{"line":32,"column":36}},"32":{"start":{"line":33,"column":0},"end":{"line":33,"column":20}},"33":{"start":{"line":34,"column":0},"end":{"line":34,"column":24}},"34":{"start":{"line":35,"column":0},"end":{"line":35,"column":32}},"35":{"start":{"line":36,"column":0},"end":{"line":36,"column":27}},"36":{"start":{"line":37,"column":0},"end":{"line":37,"column":28}},"37":{"start":{"line":38,"column":0},"end":{"line":38,"column":17}},"38":{"start":{"line":39,"column":0},"end":{"line":39,"column":48}},"39":{"start":{"line":40,"column":0},"end":{"line":40,"column":29}},"40":{"start":{"line":41,"column":0},"end":{"line":41,"column":0}},"41":{"start":{"line":42,"column":0},"end":{"line":42,"column":72}},"42":{"start":{"line":43,"column":0},"end":{"line":43,"column":43}},"43":{"start":{"line":44,"column":0},"end":{"line":44,"column":0}},"44":{"start":{"line":45,"column":0},"end":{"line":45,"column":33}},"45":{"start":{"line":46,"column":0},"end":{"line":46,"column":55}},"46":{"start":{"line":47,"column":0},"end":{"line":47,"column":43}},"47":{"start":{"line":48,"column":0},"end":{"line":48,"column":41}},"48":{"start":{"line":49,"column":0},"end":{"line":49,"column":47}},"49":{"start":{"line":50,"column":0},"end":{"line":50,"column":35}},"50":{"start":{"line":51,"column":0},"end":{"line":51,"column":16}},"51":{"start":{"line":52,"column":0},"end":{"line":52,"column":30}},"52":{"start":{"line":53,"column":0},"end":{"line":53,"column":46}},"53":{"start":{"line":54,"column":0},"end":{"line":54,"column":44}},"54":{"start":{"line":55,"column":0},"end":{"line":55,"column":110}},"55":{"start":{"line":56,"column":0},"end":{"line":56,"column":8}},"56":{"start":{"line":57,"column":0},"end":{"line":57,"column":5}},"57":{"start":{"line":58,"column":0},"end":{"line":58,"column":4}},"58":{"start":{"line":59,"column":0},"end":{"line":59,"column":103}},"59":{"start":{"line":60,"column":0},"end":{"line":60,"column":0}},"60":{"start":{"line":61,"column":0},"end":{"line":61,"column":60}},"61":{"start":{"line":62,"column":0},"end":{"line":62,"column":70}},"62":{"start":{"line":63,"column":0},"end":{"line":63,"column":34}},"63":{"start":{"line":64,"column":0},"end":{"line":64,"column":27}},"64":{"start":{"line":65,"column":0},"end":{"line":65,"column":31}},"65":{"start":{"line":66,"column":0},"end":{"line":66,"column":0}},"66":{"start":{"line":67,"column":0},"end":{"line":67,"column":65}},"67":{"start":{"line":68,"column":0},"end":{"line":68,"column":61}},"68":{"start":{"line":69,"column":0},"end":{"line":69,"column":0}},"69":{"start":{"line":70,"column":0},"end":{"line":70,"column":71}},"70":{"start":{"line":71,"column":0},"end":{"line":71,"column":62}},"71":{"start":{"line":72,"column":0},"end":{"line":72,"column":60}},"72":{"start":{"line":73,"column":0},"end":{"line":73,"column":0}},"73":{"start":{"line":74,"column":0},"end":{"line":74,"column":66}},"74":{"start":{"line":75,"column":0},"end":{"line":75,"column":52}},"75":{"start":{"line":76,"column":0},"end":{"line":76,"column":50}},"76":{"start":{"line":77,"column":0},"end":{"line":77,"column":0}},"77":{"start":{"line":78,"column":0},"end":{"line":78,"column":54}},"78":{"start":{"line":79,"column":0},"end":{"line":79,"column":49}},"79":{"start":{"line":80,"column":0},"end":{"line":80,"column":0}},"80":{"start":{"line":81,"column":0},"end":{"line":81,"column":29}},"81":{"start":{"line":82,"column":0},"end":{"line":82,"column":73}},"82":{"start":{"line":83,"column":0},"end":{"line":83,"column":30}},"83":{"start":{"line":84,"column":0},"end":{"line":84,"column":26}},"84":{"start":{"line":85,"column":0},"end":{"line":85,"column":30}},"85":{"start":{"line":86,"column":0},"end":{"line":86,"column":29}},"86":{"start":{"line":87,"column":0},"end":{"line":87,"column":29}},"87":{"start":{"line":88,"column":0},"end":{"line":88,"column":32}},"88":{"start":{"line":89,"column":0},"end":{"line":89,"column":34}},"89":{"start":{"line":90,"column":0},"end":{"line":90,"column":20}},"90":{"start":{"line":91,"column":0},"end":{"line":91,"column":28}},"91":{"start":{"line":92,"column":0},"end":{"line":92,"column":27}},"92":{"start":{"line":93,"column":0},"end":{"line":93,"column":33}},"93":{"start":{"line":94,"column":0},"end":{"line":94,"column":42}},"94":{"start":{"line":95,"column":0},"end":{"line":95,"column":10}},"95":{"start":{"line":96,"column":0},"end":{"line":96,"column":7}},"96":{"start":{"line":97,"column":0},"end":{"line":97,"column":6}},"97":{"start":{"line":98,"column":0},"end":{"line":98,"column":4}},"98":{"start":{"line":99,"column":0},"end":{"line":99,"column":0}},"99":{"start":{"line":100,"column":0},"end":{"line":100,"column":92}},"100":{"start":{"line":101,"column":0},"end":{"line":101,"column":22}},"101":{"start":{"line":102,"column":0},"end":{"line":102,"column":13}},"102":{"start":{"line":103,"column":0},"end":{"line":103,"column":95}},"103":{"start":{"line":104,"column":0},"end":{"line":104,"column":3}},"104":{"start":{"line":105,"column":0},"end":{"line":105,"column":0}},"105":{"start":{"line":106,"column":0},"end":{"line":106,"column":39}},"106":{"start":{"line":107,"column":0},"end":{"line":107,"column":35}},"107":{"start":{"line":108,"column":0},"end":{"line":108,"column":45}},"108":{"start":{"line":109,"column":0},"end":{"line":109,"column":0}},"109":{"start":{"line":110,"column":0},"end":{"line":110,"column":38}},"110":{"start":{"line":111,"column":0},"end":{"line":111,"column":44}},"111":{"start":{"line":112,"column":0},"end":{"line":112,"column":0}},"112":{"start":{"line":113,"column":0},"end":{"line":113,"column":45}},"113":{"start":{"line":114,"column":0},"end":{"line":114,"column":33}},"114":{"start":{"line":115,"column":0},"end":{"line":115,"column":14}},"115":{"start":{"line":116,"column":0},"end":{"line":116,"column":35}},"116":{"start":{"line":117,"column":0},"end":{"line":117,"column":23}},"117":{"start":{"line":118,"column":0},"end":{"line":118,"column":39}},"118":{"start":{"line":119,"column":0},"end":{"line":119,"column":37}},"119":{"start":{"line":120,"column":0},"end":{"line":120,"column":29}},"120":{"start":{"line":121,"column":0},"end":{"line":121,"column":5}},"121":{"start":{"line":122,"column":0},"end":{"line":122,"column":32}},"122":{"start":{"line":123,"column":0},"end":{"line":123,"column":3}},"123":{"start":{"line":124,"column":0},"end":{"line":124,"column":0}},"124":{"start":{"line":125,"column":0},"end":{"line":125,"column":20}},"125":{"start":{"line":126,"column":0},"end":{"line":126,"column":1}}},"s":{"0":1,"1":1,"2":1,"3":1,"4":1,"5":1,"6":1,"7":1,"8":1,"9":10,"10":10,"11":10,"12":10,"13":10,"14":10,"15":10,"16":10,"17":10,"18":10,"19":1,"20":1,"21":1,"22":1,"23":1,"24":1,"25":1,"26":1,"27":1,"28":1,"29":1,"30":1,"31":1,"32":4,"33":4,"34":4,"35":4,"36":4,"37":4,"38":4,"39":4,"40":4,"41":4,"42":4,"43":4,"44":4,"45":4,"46":4,"47":0,"48":0,"49":0,"50":0,"51":0,"52":0,"53":0,"54":0,"55":0,"56":0,"57":4,"58":4,"59":4,"60":4,"61":4,"62":4,"63":8,"64":16,"65":16,"66":16,"67":16,"68":16,"69":16,"70":16,"71":16,"72":8,"73":16,"74":22,"75":22,"76":8,"77":8,"78":8,"79":8,"80":8,"81":8,"82":8,"83":8,"84":8,"85":8,"86":8,"87":8,"88":8,"89":8,"90":8,"91":8,"92":8,"93":8,"94":8,"95":8,"96":8,"97":4,"98":4,"99":4,"100":4,"101":4,"102":4,"103":4,"104":4,"105":4,"106":4,"107":4,"108":4,"109":4,"110":8,"111":5,"112":5,"113":5,"114":5,"115":5,"116":5,"117":5,"118":5,"119":5,"120":5,"121":5,"122":5,"123":4,"124":4,"125":4},"branchMap":{"0":{"type":"branch","line":9,"loc":{"start":{"line":9,"column":34},"end":{"line":19,"column":1}},"locations":[{"start":{"line":9,"column":34},"end":{"line":19,"column":1}}]},"1":{"type":"branch","line":18,"loc":{"start":{"line":18,"column":26},"end":{"line":18,"column":33}},"locations":[{"start":{"line":18,"column":26},"end":{"line":18,"column":33}}]},"2":{"type":"branch","line":32,"loc":{"start":{"line":32,"column":35},"end":{"line":126,"column":1}},"locations":[{"start":{"line":32,"column":35},"end":{"line":126,"column":1}}]},"3":{"type":"branch","line":40,"loc":{"start":{"line":40,"column":20},"end":{"line":40,"column":29}},"locations":[{"start":{"line":40,"column":20},"end":{"line":40,"column":29}}]},"4":{"type":"branch","line":43,"loc":{"start":{"line":43,"column":34},"end":{"line":43,"column":43}},"locations":[{"start":{"line":43,"column":34},"end":{"line":43,"column":43}}]},"5":{"type":"branch","line":110,"loc":{"start":{"line":110,"column":37},"end":{"line":123,"column":3}},"locations":[{"start":{"line":110,"column":37},"end":{"line":123,"column":3}}]},"6":{"type":"branch","line":111,"loc":{"start":{"line":111,"column":39},"end":{"line":111,"column":44}},"locations":[{"start":{"line":111,"column":39},"end":{"line":111,"column":44}}]},"7":{"type":"branch","line":111,"loc":{"start":{"line":111,"column":39},"end":{"line":123,"column":3}},"locations":[{"start":{"line":111,"column":39},"end":{"line":123,"column":3}}]},"8":{"type":"branch","line":42,"loc":{"start":{"line":42,"column":53},"end":{"line":42,"column":71}},"locations":[{"start":{"line":42,"column":53},"end":{"line":42,"column":71}}]},"9":{"type":"branch","line":63,"loc":{"start":{"line":63,"column":24},"end":{"line":98,"column":3}},"locations":[{"start":{"line":63,"column":24},"end":{"line":98,"column":3}}]},"10":{"type":"branch","line":64,"loc":{"start":{"line":64,"column":16},"end":{"line":97,"column":5}},"locations":[{"start":{"line":64,"column":16},"end":{"line":97,"column":5}}]},"11":{"type":"branch","line":65,"loc":{"start":{"line":65,"column":25},"end":{"line":65,"column":31}},"locations":[{"start":{"line":65,"column":25},"end":{"line":65,"column":31}}]},"12":{"type":"branch","line":71,"loc":{"start":{"line":71,"column":10},"end":{"line":71,"column":56}},"locations":[{"start":{"line":71,"column":10},"end":{"line":71,"column":56}}]},"13":{"type":"branch","line":71,"loc":{"start":{"line":71,"column":56},"end":{"line":71,"column":62}},"locations":[{"start":{"line":71,"column":56},"end":{"line":71,"column":62}}]},"14":{"type":"branch","line":71,"loc":{"start":{"line":71,"column":56},"end":{"line":72,"column":29}},"locations":[{"start":{"line":71,"column":56},"end":{"line":72,"column":29}}]},"15":{"type":"branch","line":72,"loc":{"start":{"line":72,"column":10},"end":{"line":72,"column":54}},"locations":[{"start":{"line":72,"column":10},"end":{"line":72,"column":54}}]},"16":{"type":"branch","line":72,"loc":{"start":{"line":72,"column":54},"end":{"line":72,"column":60}},"locations":[{"start":{"line":72,"column":54},"end":{"line":72,"column":60}}]},"17":{"type":"branch","line":72,"loc":{"start":{"line":72,"column":54},"end":{"line":74,"column":65}},"locations":[{"start":{"line":72,"column":54},"end":{"line":74,"column":65}}]},"18":{"type":"branch","line":74,"loc":{"start":{"line":74,"column":65},"end":{"line":96,"column":7}},"locations":[{"start":{"line":74,"column":65},"end":{"line":96,"column":7}}]},"19":{"type":"branch","line":76,"loc":{"start":{"line":76,"column":42},"end":{"line":76,"column":50}},"locations":[{"start":{"line":76,"column":42},"end":{"line":76,"column":50}}]},"20":{"type":"branch","line":76,"loc":{"start":{"line":76,"column":42},"end":{"line":79,"column":49}},"locations":[{"start":{"line":76,"column":42},"end":{"line":79,"column":49}}]},"21":{"type":"branch","line":79,"loc":{"start":{"line":79,"column":41},"end":{"line":79,"column":49}},"locations":[{"start":{"line":79,"column":41},"end":{"line":79,"column":49}}]},"22":{"type":"branch","line":79,"loc":{"start":{"line":79,"column":41},"end":{"line":96,"column":7}},"locations":[{"start":{"line":79,"column":41},"end":{"line":96,"column":7}}]},"23":{"type":"branch","line":96,"loc":{"start":{"line":96,"column":6},"end":{"line":96,"column":7}},"locations":[{"start":{"line":96,"column":6},"end":{"line":96,"column":7}}]},"24":{"type":"branch","line":102,"loc":{"start":{"line":102,"column":4},"end":{"line":103,"column":95}},"locations":[{"start":{"line":102,"column":4},"end":{"line":103,"column":95}}]},"25":{"type":"branch","line":103,"loc":{"start":{"line":103,"column":21},"end":{"line":103,"column":60}},"locations":[{"start":{"line":103,"column":21},"end":{"line":103,"column":60}}]},"26":{"type":"branch","line":103,"loc":{"start":{"line":103,"column":48},"end":{"line":103,"column":95}},"locations":[{"start":{"line":103,"column":48},"end":{"line":103,"column":95}}]}},"b":{"0":[10],"1":[0],"2":[4],"3":[0],"4":[0],"5":[8],"6":[3],"7":[5],"8":[5],"9":[8],"10":[16],"11":[0],"12":[12],"13":[6],"14":[10],"15":[4],"16":[2],"17":[8],"18":[22],"19":[14],"20":[8],"21":[0],"22":[8],"23":[8],"24":[4],"25":[0],"26":[0]},"fnMap":{"0":{"name":"getStrategyIndices","decl":{"start":{"line":9,"column":34},"end":{"line":19,"column":1}},"loc":{"start":{"line":9,"column":34},"end":{"line":19,"column":1}},"line":9},"1":{"name":"applyAllocationRule","decl":{"start":{"line":32,"column":35},"end":{"line":126,"column":1}},"loc":{"start":{"line":32,"column":35},"end":{"line":126,"column":1}},"line":32}},"f":{"0":10,"1":4}}
}
