{"C:\\Users\\kiran\\Desktop\\rvce-resource-allocator\\frontend\\src\\utils\\allocationRules.ts": {"path":"C:\\Users\\kiran\\Desktop\\rvce-resource-allocator\\frontend\\src\\utils\\allocationRules.ts","all":false,"statementMap":{"0":{"start":{"line":1,"column":0},"end":{"line":1,"column":3}},"1":{"start":{"line":2,"column":0},"end":{"line":2,"column":33}},"2":{"start":{"line":3,"column":0},"end":{"line":3,"column":49}},"3":{"start":{"line":4,"column":0},"end":{"line":4,"column":3}},"4":{"start":{"line":5,"column":0},"end":{"line":5,"column":0}},"5":{"start":{"line":6,"column":0},"end":{"line":6,"column":99}},"6":{"start":{"line":7,"column":0},"end":{"line":7,"column":71}},"7":{"start":{"line":8,"column":0},"end":{"line":8,"column":0}},"8":{"start":{"line":9,"column":0},"end":{"line":9,"column":75}},"9":{"start":{"line":10,"column":0},"end":{"line":10,"column":58}},"10":{"start":{"line":11,"column":0},"end":{"line":11,"column":27}},"11":{"start":{"line":12,"column":0},"end":{"line":12,"column":28}},"12":{"start":{"line":13,"column":0},"end":{"line":13,"column":31}},"13":{"start":{"line":14,"column":0},"end":{"line":14,"column":36}},"14":{"start":{"line":15,"column":0},"end":{"line":15,"column":37}},"15":{"start":{"line":16,"column":0},"end":{"line":16,"column":35}},"16":{"start":{"line":17,"column":0},"end":{"line":17,"column":3}},"17":{"start":{"line":18,"column":0},"end":{"line":18,"column":33}},"18":{"start":{"line":19,"column":0},"end":{"line":19,"column":1}},"19":{"start":{"line":20,"column":0},"end":{"line":20,"column":0}},"20":{"start":{"line":21,"column":0},"end":{"line":21,"column":29}},"21":{"start":{"line":22,"column":0},"end":{"line":22,"column":42}},"22":{"start":{"line":23,"column":0},"end":{"line":23,"column":42}},"23":{"start":{"line":24,"column":0},"end":{"line":24,"column":33}},"24":{"start":{"line":25,"column":0},"end":{"line":25,"column":95}},"25":{"start":{"line":26,"column":0},"end":{"line":26,"column":1}},"26":{"start":{"line":27,"column":0},"end":{"line":27,"column":0}},"27":{"start":{"line":28,"column":0},"end":{"line":28,"column":3}},"28":{"start":{"line":29,"column":0},"end":{"line":29,"column":62}},"29":{"start":{"line":30,"column":0},"end":{"line":30,"column":83}},"30":{"start":{"line":31,"column":0},"end":{"line":31,"column":3}},"31":{"start":{"line":32,"column":0},"end":{"line":32,"column":36}},"32":{"start":{"line":33,"column":0},"end":{"line":33,"column":20}},"33":{"start":{"line":34,"column":0},"end":{"line":34,"column":24}},"34":{"start":{"line":35,"column":0},"end":{"line":35,"column":32}},"35":{"start":{"line":36,"column":0},"end":{"line":36,"column":27}},"36":{"start":{"line":37,"column":0},"end":{"line":37,"column":28}},"37":{"start":{"line":38,"column":0},"end":{"line":38,"column":17}},"38":{"start":{"line":39,"column":0},"end":{"line":39,"column":48}},"39":{"start":{"line":40,"column":0},"end":{"line":40,"column":29}},"40":{"start":{"line":41,"column":0},"end":{"line":41,"column":0}},"41":{"start":{"line":42,"column":0},"end":{"line":42,"column":72}},"42":{"start":{"line":43,"column":0},"end":{"line":43,"column":43}},"43":{"start":{"line":44,"column":0},"end":{"line":44,"column":0}},"44":{"start":{"line":45,"column":0},"end":{"line":45,"column":33}},"45":{"start":{"line":46,"column":0},"end":{"line":46,"column":55}},"46":{"start":{"line":47,"column":0},"end":{"line":47,"column":43}},"47":{"start":{"line":48,"column":0},"end":{"line":48,"column":41}},"48":{"start":{"line":49,"column":0},"end":{"line":49,"column":47}},"49":{"start":{"line":50,"column":0},"end":{"line":50,"column":35}},"50":{"start":{"line":51,"column":0},"end":{"line":51,"column":16}},"51":{"start":{"line":52,"column":0},"end":{"line":52,"column":30}},"52":{"start":{"line":53,"column":0},"end":{"line":53,"column":46}},"53":{"start":{"line":54,"column":0},"end":{"line":54,"column":44}},"54":{"start":{"line":55,"column":0},"end":{"line":55,"column":110}},"55":{"start":{"line":56,"column":0},"end":{"line":56,"column":8}},"56":{"start":{"line":57,"column":0},"end":{"line":57,"column":5}},"57":{"start":{"line":58,"column":0},"end":{"line":58,"column":4}},"58":{"start":{"line":59,"column":0},"end":{"line":59,"column":103}},"59":{"start":{"line":60,"column":0},"end":{"line":60,"column":0}},"60":{"start":{"line":61,"column":0},"end":{"line":61,"column":60}},"61":{"start":{"line":62,"column":0},"end":{"line":62,"column":70}},"62":{"start":{"line":63,"column":0},"end":{"line":63,"column":34}},"63":{"start":{"line":64,"column":0},"end":{"line":64,"column":27}},"64":{"start":{"line":65,"column":0},"end":{"line":65,"column":31}},"65":{"start":{"line":66,"column":0},"end":{"line":66,"column":0}},"66":{"start":{"line":67,"column":0},"end":{"line":67,"column":65}},"67":{"start":{"line":68,"column":0},"end":{"line":68,"column":61}},"68":{"start":{"line":69,"column":0},"end":{"line":69,"column":0}},"69":{"start":{"line":70,"column":0},"end":{"line":70,"column":71}},"70":{"start":{"line":71,"column":0},"end":{"line":71,"column":62}},"71":{"start":{"line":72,"column":0},"end":{"line":72,"column":60}},"72":{"start":{"line":73,"column":0},"end":{"line":73,"column":0}},"73":{"start":{"line":74,"column":0},"end":{"line":74,"column":66}},"74":{"start":{"line":75,"column":0},"end":{"line":75,"column":52}},"75":{"start":{"line":76,"column":0},"end":{"line":76,"column":50}},"76":{"start":{"line":77,"column":0},"end":{"line":77,"column":0}},"77":{"start":{"line":78,"column":0},"end":{"line":78,"column":54}},"78":{"start":{"line":79,"column":0},"end":{"line":79,"column":49}},"79":{"start":{"line":80,"column":0},"end":{"line":80,"column":0}},"80":{"start":{"line":81,"column":0},"end":{"line":81,"column":29}},"81":{"start":{"line":82,"column":0},"end":{"line":82,"column":73}},"82":{"start":{"line":83,"column":0},"end":{"line":83,"column":30}},"83":{"start":{"line":84,"column":0},"end":{"line":84,"column":26}},"84":{"start":{"line":85,"column":0},"end":{"line":85,"column":30}},"85":{"start":{"line":86,"column":0},"end":{"line":86,"column":29}},"86":{"start":{"line":87,"column":0},"end":{"line":87,"column":29}},"87":{"start":{"line":88,"column":0},"end":{"line":88,"column":32}},"88":{"start":{"line":89,"column":0},"end":{"line":89,"column":34}},"89":{"start":{"line":90,"column":0},"end":{"line":90,"column":20}},"90":{"start":{"line":91,"column":0},"end":{"line":91,"column":28}},"91":{"start":{"line":92,"column":0},"end":{"line":92,"column":27}},"92":{"start":{"line":93,"column":0},"end":{"line":93,"column":33}},"93":{"start":{"line":94,"column":0},"end":{"line":94,"column":42}},"94":{"start":{"line":95,"column":0},"end":{"line":95,"column":10}},"95":{"start":{"line":96,"column":0},"end":{"line":96,"column":7}},"96":{"start":{"line":97,"column":0},"end":{"line":97,"column":6}},"97":{"start":{"line":98,"column":0},"end":{"line":98,"column":4}},"98":{"start":{"line":99,"column":0},"end":{"line":99,"column":0}},"99":{"start":{"line":100,"column":0},"end":{"line":100,"column":92}},"100":{"start":{"line":101,"column":0},"end":{"line":101,"column":22}},"101":{"start":{"line":102,"column":0},"end":{"line":102,"column":13}},"102":{"start":{"line":103,"column":0},"end":{"line":103,"column":95}},"103":{"start":{"line":104,"column":0},"end":{"line":104,"column":3}},"104":{"start":{"line":105,"column":0},"end":{"line":105,"column":0}},"105":{"start":{"line":106,"column":0},"end":{"line":106,"column":39}},"106":{"start":{"line":107,"column":0},"end":{"line":107,"column":35}},"107":{"start":{"line":108,"column":0},"end":{"line":108,"column":45}},"108":{"start":{"line":109,"column":0},"end":{"line":109,"column":0}},"109":{"start":{"line":110,"column":0},"end":{"line":110,"column":38}},"110":{"start":{"line":111,"column":0},"end":{"line":111,"column":44}},"111":{"start":{"line":112,"column":0},"end":{"line":112,"column":0}},"112":{"start":{"line":113,"column":0},"end":{"line":113,"column":45}},"113":{"start":{"line":114,"column":0},"end":{"line":114,"column":33}},"114":{"start":{"line":115,"column":0},"end":{"line":115,"column":14}},"115":{"start":{"line":116,"column":0},"end":{"line":116,"column":35}},"116":{"start":{"line":117,"column":0},"end":{"line":117,"column":23}},"117":{"start":{"line":118,"column":0},"end":{"line":118,"column":39}},"118":{"start":{"line":119,"column":0},"end":{"line":119,"column":37}},"119":{"start":{"line":120,"column":0},"end":{"line":120,"column":29}},"120":{"start":{"line":121,"column":0},"end":{"line":121,"column":5}},"121":{"start":{"line":122,"column":0},"end":{"line":122,"column":32}},"122":{"start":{"line":123,"column":0},"end":{"line":123,"column":3}},"123":{"start":{"line":124,"column":0},"end":{"line":124,"column":0}},"124":{"start":{"line":125,"column":0},"end":{"line":125,"column":20}},"125":{"start":{"line":126,"column":0},"end":{"line":126,"column":1}}},"s":{"0":1,"1":1,"2":1,"3":1,"4":1,"5":1,"6":1,"7":1,"8":1,"9":10,"10":10,"11":10,"12":10,"13":10,"14":10,"15":10,"16":10,"17":10,"18":10,"19":1,"20":1,"21":1,"22":1,"23":1,"24":1,"25":1,"26":1,"27":1,"28":1,"29":1,"30":1,"31":1,"32":4,"33":4,"34":4,"35":4,"36":4,"37":4,"38":4,"39":4,"40":4,"41":4,"42":4,"43":4,"44":4,"45":4,"46":4,"47":0,"48":0,"49":0,"50":0,"51":0,"52":0,"53":0,"54":0,"55":0,"56":0,"57":4,"58":4,"59":4,"60":4,"61":4,"62":4,"63":8,"64":16,"65":16,"66":16,"67":16,"68":16,"69":16,"70":16,"71":16,"72":8,"73":16,"74":22,"75":22,"76":8,"77":8,"78":8,"79":8,"80":8,"81":8,"82":8,"83":8,"84":8,"85":8,"86":8,"87":8,"88":8,"89":8,"90":8,"91":8,"92":8,"93":8,"94":8,"95":8,"96":8,"97":4,"98":4,"99":4,"100":4,"101":4,"102":4,"103":4,"104":4,"105":4,"106":4,"107":4,"108":4,"109":4,"110":8,"111":5,"112":5,"113":5,"114":5,"115":5,"116":5,"117":5,"118":5,"119":5,"120":5,"121":5,"122":5,"123":4,"124":4,"125":4},"branchMap":{"0":{"type":"branch","line":9,"loc":{"start":{"line":9,"column":34},"end":{"line":19,"column":1}},"locations":[{"start":{"line":9,"column":34},"end":{"line":19,"column":1}}]},"1":{"type":"branch","line":18,"loc":{"start":{"line":18,"column":26},"end":{"line":18,"column":33}},"locations":[{"start":{"line":18,"column":26},"end":{"line":18,"column":33}}]},"2":{"type":"branch","line":32,"loc":{"start":{"line":32,"column":35},"end":{"line":126,"column":1}},"locations":[{"start":{"line":32,"column":35},"end":{"line":126,"column":1}}]},"3":{"type":"branch","line":40,"loc":{"start":{"line":40,"column":20},"end":{"line":40,"column":29}},"locations":[{"start":{"line":40,"column":20},"end":{"line":40,"column":29}}]},"4":{"type":"branch","line":43,"loc":{"start":{"line":43,"column":34},"end":{"line":43,"column":43}},"locations":[{"start":{"line":43,"column":34},"end":{"line":43,"column":43}}]},"5":{"type":"branch","line":110,"loc":{"start":{"line":110,"column":37},"end":{"line":123,"column":3}},"locations":[{"start":{"line":110,"column":37},"end":{"line":123,"column":3}}]},"6":{"type":"branch","line":111,"loc":{"start":{"line":111,"column":39},"end":{"line":111,"column":44}},"locations":[{"start":{"line":111,"column":39},"end":{"line":111,"column":44}}]},"7":{"type":"branch","line":111,"loc":{"start":{"line":111,"column":39},"end":{"line":123,"column":3}},"locations":[{"start":{"line":111,"column":39},"end":{"line":123,"column":3}}]},"8":{"type":"branch","line":42,"loc":{"start":{"line":42,"column":53},"end":{"line":42,"column":71}},"locations":[{"start":{"line":42,"column":53},"end":{"line":42,"column":71}}]},"9":{"type":"branch","line":63,"loc":{"start":{"line":63,"column":24},"end":{"line":98,"column":3}},"locations":[{"start":{"line":63,"column":24},"end":{"line":98,"column":3}}]},"10":{"type":"branch","line":64,"loc":{"start":{"line":64,"column":16},"end":{"line":97,"column":5}},"locations":[{"start":{"line":64,"column":16},"end":{"line":97,"column":5}}]},"11":{"type":"branch","line":65,"loc":{"start":{"line":65,"column":25},"end":{"line":65,"column":31}},"locations":[{"start":{"line":65,"column":25},"end":{"line":65,"column":31}}]},"12":{"type":"branch","line":71,"loc":{"start":{"line":71,"column":10},"end":{"line":71,"column":56}},"locations":[{"start":{"line":71,"column":10},"end":{"line":71,"column":56}}]},"13":{"type":"branch","line":71,"loc":{"start":{"line":71,"column":56},"end":{"line":71,"column":62}},"locations":[{"start":{"line":71,"column":56},"end":{"line":71,"column":62}}]},"14":{"type":"branch","line":71,"loc":{"start":{"line":71,"column":56},"end":{"line":72,"column":29}},"locations":[{"start":{"line":71,"column":56},"end":{"line":72,"column":29}}]},"15":{"type":"branch","line":72,"loc":{"start":{"line":72,"column":10},"end":{"line":72,"column":54}},"locations":[{"start":{"line":72,"column":10},"end":{"line":72,"column":54}}]},"16":{"type":"branch","line":72,"loc":{"start":{"line":72,"column":54},"end":{"line":72,"column":60}},"locations":[{"start":{"line":72,"column":54},"end":{"line":72,"column":60}}]},"17":{"type":"branch","line":72,"loc":{"start":{"line":72,"column":54},"end":{"line":74,"column":65}},"locations":[{"start":{"line":72,"column":54},"end":{"line":74,"column":65}}]},"18":{"type":"branch","line":74,"loc":{"start":{"line":74,"column":65},"end":{"line":96,"column":7}},"locations":[{"start":{"line":74,"column":65},"end":{"line":96,"column":7}}]},"19":{"type":"branch","line":76,"loc":{"start":{"line":76,"column":42},"end":{"line":76,"column":50}},"locations":[{"start":{"line":76,"column":42},"end":{"line":76,"column":50}}]},"20":{"type":"branch","line":76,"loc":{"start":{"line":76,"column":42},"end":{"line":79,"column":49}},"locations":[{"start":{"line":76,"column":42},"end":{"line":79,"column":49}}]},"21":{"type":"branch","line":79,"loc":{"start":{"line":79,"column":41},"end":{"line":79,"column":49}},"locations":[{"start":{"line":79,"column":41},"end":{"line":79,"column":49}}]},"22":{"type":"branch","line":79,"loc":{"start":{"line":79,"column":41},"end":{"line":96,"column":7}},"locations":[{"start":{"line":79,"column":41},"end":{"line":96,"column":7}}]},"23":{"type":"branch","line":96,"loc":{"start":{"line":96,"column":6},"end":{"line":96,"column":7}},"locations":[{"start":{"line":96,"column":6},"end":{"line":96,"column":7}}]},"24":{"type":"branch","line":102,"loc":{"start":{"line":102,"column":4},"end":{"line":103,"column":95}},"locations":[{"start":{"line":102,"column":4},"end":{"line":103,"column":95}}]},"25":{"type":"branch","line":103,"loc":{"start":{"line":103,"column":21},"end":{"line":103,"column":60}},"locations":[{"start":{"line":103,"column":21},"end":{"line":103,"column":60}}]},"26":{"type":"branch","line":103,"loc":{"start":{"line":103,"column":48},"end":{"line":103,"column":95}},"locations":[{"start":{"line":103,"column":48},"end":{"line":103,"column":95}}]}},"b":{"0":[10],"1":[0],"2":[4],"3":[0],"4":[0],"5":[8],"6":[3],"7":[5],"8":[5],"9":[8],"10":[16],"11":[0],"12":[12],"13":[6],"14":[10],"15":[4],"16":[2],"17":[8],"18":[22],"19":[14],"20":[8],"21":[0],"22":[8],"23":[8],"24":[4],"25":[0],"26":[0]},"fnMap":{"0":{"name":"getStrategyIndices","decl":{"start":{"line":9,"column":34},"end":{"line":19,"column":1}},"loc":{"start":{"line":9,"column":34},"end":{"line":19,"column":1}},"line":9},"1":{"name":"applyAllocationRule","decl":{"start":{"line":32,"column":35},"end":{"line":126,"column":1}},"loc":{"start":{"line":32,"column":35},"end":{"line":126,"column":1}},"line":32}},"f":{"0":10,"1":4}}
}
